  [4;36;1mSQL (0.3ms)[0m   [0;1m SELECT name
 FROM sqlite_master
 WHERE type = 'table' AND NOT name = 'sqlite_sequence'
[0m
  [4;35;1mSQL (0.2ms)[0m   [0mselect sqlite_version(*)[0m
  [4;36;1mSQL (13.0ms)[0m   [0;1mCREATE TABLE "schema_migrations" ("version" varchar(255) NOT NULL) [0m
  [4;35;1mSQL (0.1ms)[0m   [0mPRAGMA index_list("schema_migrations")[0m
  [4;36;1mSQL (13.1ms)[0m   [0;1mCREATE UNIQUE INDEX "unique_schema_migrations" ON "schema_migrations" ("version")[0m
  [4;35;1mSQL (0.3ms)[0m   [0m SELECT name
 FROM sqlite_master
 WHERE type = 'table' AND NOT name = 'sqlite_sequence'
[0m
  [4;36;1mSQL (0.1ms)[0m   [0;1mSELECT version FROM schema_migrations[0m
Migrating to CreateProducts (20100922143222)
  [4;35;1mSQL (0.7ms)[0m   [0mCREATE TABLE "products" ("id" INTEGER PRIMARY KEY AUTOINCREMENT NOT NULL, "name" varchar(255), "description" varchar(255), "cents" integer, "on_hand" integer, "created_at" datetime, "updated_at" datetime) [0m
  [4;36;1mSQL (0.5ms)[0m   [0;1mINSERT INTO schema_migrations (version) VALUES ('20100922143222')[0m
Migrating to CreateVariations (20100922144640)
  [4;35;1mSQL (0.5ms)[0m   [0mCREATE TABLE "variations" ("id" INTEGER PRIMARY KEY AUTOINCREMENT NOT NULL, "name" varchar(255), "cents" integer, "product_id" integer, "created_at" datetime, "updated_at" datetime) [0m
  [4;36;1mSQL (0.1ms)[0m   [0;1mINSERT INTO schema_migrations (version) VALUES ('20100922144640')[0m
  [4;35;1mSQL (0.3ms)[0m   [0m SELECT name
 FROM sqlite_master
 WHERE type = 'table' AND NOT name = 'sqlite_sequence'
[0m
  [4;36;1mSQL (0.2ms)[0m   [0;1mSELECT version FROM schema_migrations[0m
  [4;35;1mSQL (0.2ms)[0m   [0m SELECT name
 FROM sqlite_master
 WHERE type = 'table' AND NOT name = 'sqlite_sequence'
[0m
  [4;36;1mSQL (0.0ms)[0m   [0;1mPRAGMA index_list("products")[0m
  [4;35;1mSQL (0.1ms)[0m   [0mPRAGMA index_list("variations")[0m
  [4;36;1mProduct Create (1.3ms)[0m   [0;1mINSERT INTO "products" ("name", "created_at", "updated_at", "cents", "on_hand", "description") VALUES('Shoes', '2010-09-22 14:56:04', '2010-09-22 14:56:04', 12000, NULL, '<p>Running shoes</p>')[0m
  [4;35;1mVariation Create (0.5ms)[0m   [0mINSERT INTO "variations" ("name", "created_at", "product_id", "updated_at", "cents") VALUES('Red', '2010-09-22 14:56:27', 1, '2010-09-22 14:56:27', NULL)[0m
  [4;36;1mVariation Create (1.2ms)[0m   [0;1mINSERT INTO "variations" ("name", "created_at", "product_id", "updated_at", "cents") VALUES('Blue', '2010-09-22 14:56:30', 1, '2010-09-22 14:56:30', NULL)[0m
  [4;35;1mProduct Load (0.6ms)[0m   [0mSELECT * FROM "products" [0m
  [4;36;1mProduct Load (0.6ms)[0m   [0;1mSELECT * FROM "products" [0m
  [4;35;1mVariation Load (0.6ms)[0m   [0mSELECT * FROM "variations" WHERE ("variations".product_id = 1) [0m
  [4;36;1mSQL (0.3ms)[0m   [0;1m SELECT name
 FROM sqlite_master
 WHERE type = 'table' AND NOT name = 'sqlite_sequence'
[0m
  [4;35;1mSQL (0.2ms)[0m   [0mselect sqlite_version(*)[0m
  [4;36;1mSQL (2.2ms)[0m   [0;1mCREATE TABLE "schema_migrations" ("version" varchar(255) NOT NULL) [0m
  [4;35;1mSQL (0.1ms)[0m   [0mPRAGMA index_list("schema_migrations")[0m
  [4;36;1mSQL (2.1ms)[0m   [0;1mCREATE UNIQUE INDEX "unique_schema_migrations" ON "schema_migrations" ("version")[0m
  [4;35;1mSQL (0.2ms)[0m   [0m SELECT name
 FROM sqlite_master
 WHERE type = 'table' AND NOT name = 'sqlite_sequence'
[0m
  [4;36;1mSQL (0.1ms)[0m   [0;1mSELECT version FROM schema_migrations[0m
Migrating to CreateProducts (20100922143222)
  [4;35;1mSQL (0.6ms)[0m   [0mCREATE TABLE "products" ("id" INTEGER PRIMARY KEY AUTOINCREMENT NOT NULL, "name" varchar(255), "description" varchar(255), "cents" integer, "colour" varchar(255), "size" integer, "category" varchar(255), "on_hand" integer, "created_at" datetime, "updated_at" datetime) [0m
  [4;36;1mSQL (0.4ms)[0m   [0;1mINSERT INTO schema_migrations (version) VALUES ('20100922143222')[0m
Migrating to CreateVariations (20100922144640)
  [4;36;1mSQL (0.5ms)[0m   [0;1m SELECT name
 FROM sqlite_master
 WHERE type = 'table' AND NOT name = 'sqlite_sequence'
[0m
  [4;35;1mSQL (0.2ms)[0m   [0mSELECT version FROM schema_migrations[0m
Migrating to CreateProducts (20100922143222)
Migrating to CreateVariations (20100922144640)
  [4;36;1mSQL (0.1ms)[0m   [0;1mselect sqlite_version(*)[0m
  [4;35;1mSQL (0.5ms)[0m   [0mCREATE TABLE "variations" ("id" INTEGER PRIMARY KEY AUTOINCREMENT NOT NULL, "name" varchar(255), "value" varchar(255), "cents" integer, "product_id" integer, "created_at" datetime, "updated_at" datetime) [0m
  [4;36;1mSQL (0.1ms)[0m   [0;1mINSERT INTO schema_migrations (version) VALUES ('20100922144640')[0m
  [4;35;1mSQL (0.3ms)[0m   [0m SELECT name
 FROM sqlite_master
 WHERE type = 'table' AND NOT name = 'sqlite_sequence'
[0m
  [4;36;1mSQL (0.2ms)[0m   [0;1mSELECT version FROM schema_migrations[0m
  [4;35;1mSQL (0.2ms)[0m   [0m SELECT name
 FROM sqlite_master
 WHERE type = 'table' AND NOT name = 'sqlite_sequence'
[0m
  [4;36;1mSQL (0.1ms)[0m   [0;1mPRAGMA index_list("products")[0m
  [4;35;1mSQL (0.0ms)[0m   [0mPRAGMA index_list("variations")[0m
  [4;36;1mProduct Create (0.7ms)[0m   [0;1mINSERT INTO "products" ("name", "size", "category", "created_at", "updated_at", "cents", "colour", "on_hand", "description") VALUES('Red Shoe', NULL, NULL, '2010-09-23 03:17:04', '2010-09-23 03:17:04', 1000, NULL, NULL, 'Red Shoe')[0m
  [4;35;1mProduct Load (0.6ms)[0m   [0mSELECT * FROM "products" WHERE ("products"."id" = 1) [0m
  [4;36;1mSQL (0.5ms)[0m   [0;1m SELECT name
 FROM sqlite_master
 WHERE type = 'table' AND NOT name = 'sqlite_sequence'
[0m
  [4;35;1mSQL (0.2ms)[0m   [0mSELECT version FROM schema_migrations[0m
Migrating to CreateProducts (20100922143222)
Migrating to CreateVariations (20100922144640)
Migrating to CreateCategories (20100923032228)
  [4;36;1mSQL (0.1ms)[0m   [0;1mselect sqlite_version(*)[0m
  [4;35;1mSQL (0.5ms)[0m   [0mCREATE TABLE "categories" ("id" INTEGER PRIMARY KEY AUTOINCREMENT NOT NULL, "created_at" datetime, "updated_at" datetime) [0m
  [4;36;1mSQL (0.1ms)[0m   [0;1mINSERT INTO schema_migrations (version) VALUES ('20100923032228')[0m
Migrating to CreateCategoriesProducts (20100923032343)
  [4;35;1mSQL (0.4ms)[0m   [0mCREATE TABLE "categories_products" ("category_id" integer, "product_id" integer) [0m
  [4;36;1mSQL (0.1ms)[0m   [0;1mINSERT INTO schema_migrations (version) VALUES ('20100923032343')[0m
  [4;35;1mSQL (0.8ms)[0m   [0m SELECT name
 FROM sqlite_master
 WHERE type = 'table' AND NOT name = 'sqlite_sequence'
[0m
  [4;36;1mSQL (0.3ms)[0m   [0;1mSELECT version FROM schema_migrations[0m
  [4;35;1mSQL (0.3ms)[0m   [0m SELECT name
 FROM sqlite_master
 WHERE type = 'table' AND NOT name = 'sqlite_sequence'
[0m
  [4;36;1mSQL (0.0ms)[0m   [0;1mPRAGMA index_list("categories")[0m
  [4;35;1mSQL (0.0ms)[0m   [0mPRAGMA index_list("categories_products")[0m
  [4;36;1mSQL (0.1ms)[0m   [0;1mPRAGMA index_list("products")[0m
  [4;35;1mSQL (0.1ms)[0m   [0mPRAGMA index_list("variations")[0m
  [4;36;1mSQL (0.6ms)[0m   [0;1m SELECT name
 FROM sqlite_master
 WHERE type = 'table' AND NOT name = 'sqlite_sequence'
[0m
  [4;36;1mProduct Load (0.6ms)[0m   [0;1mSELECT * FROM "products" [0m
  [4;35;1mProduct Load (0.6ms)[0m   [0mSELECT * FROM "products" WHERE ("products"."id" = 1) [0m
  [4;36;1mProduct Load (0.6ms)[0m   [0;1mSELECT * FROM "products" WHERE ("products"."name" = 'Red Shoe') LIMIT 1[0m
  [4;35;1mProduct Load (0.5ms)[0m   [0mSELECT * FROM "products" WHERE ("products"."name" = 'Red Shoe') [0m
  [4;36;1mProduct Load (0.6ms)[0m   [0;1mSELECT * FROM "products" WHERE (name = 'Red Shoe') [0m
  [4;35;1mVariation Load (0.3ms)[0m   [0mSELECT * FROM "variations" WHERE ("variations".product_id = 1) [0m
  [4;36;1mVariation Create (0.7ms)[0m   [0;1mINSERT INTO "variations" ("name", "created_at", "product_id", "updated_at", "cents", "value") VALUES('Size 10', '2010-09-23 03:35:08', 1, '2010-09-23 03:35:08', NULL, NULL)[0m
  [4;35;1mVariation Create (1.1ms)[0m   [0mINSERT INTO "variations" ("name", "created_at", "product_id", "updated_at", "cents", "value") VALUES('Size 12', '2010-09-23 03:35:34', 1, '2010-09-23 03:35:34', NULL, NULL)[0m
  [4;36;1mVariation Load (0.5ms)[0m   [0;1mSELECT * FROM "variations" WHERE ("variations".product_id = 1 AND (name ='Size 12')) LIMIT 1[0m
